<?xml version="1.0" encoding="UTF-8"?>
<!-- Generated by org.testng.reporters.JUnitReportReporter -->
<testsuite hostname="DESKTOP-H3NCHNL" failures="0" tests="4" name="testcases.LoginTest" time="39.329" errors="0" timestamp="2022-03-12T18:44:25 AEDT" skipped="0">
  <testcase classname="testcases.LoginTest" name="ExternalDataSet" time="8.969"/>
  <system-out/>
  <testcase classname="testcases.LoginTest" name="LoginNegativeTest" time="11.371"/>
  <system-out/>
  <testcase classname="testcases.LoginTest" name="LoginPositiveTest" time="9.720"/>
  <system-out/>
  <testcase classname="testcases.LoginTest" name="ParameterizedString" time="9.269"/>
  <system-out/>
</testsuite> <!-- testcases.LoginTest -->
