<?xml version="1.0" encoding="UTF-8"?>
<!-- Generated by org.testng.reporters.JUnitReportReporter -->
<testsuite hostname="DESKTOP-H3NCHNL" failures="0" tests="1" name="testcases.HomeTest" time="5.379" errors="0" timestamp="2022-03-06T17:24:37 AEDT" skipped="0">
  <testcase classname="testcases.HomeTest" name="Test1" time="5.379"/>
  <system-out/>
</testsuite> <!-- testcases.HomeTest -->
